2016-11-08 17:30:01.234+0000 INFO  [org.neo4j]: You are using an unsupported version of the Java runtime. Please use Oracle(R) Java(TM) Runtime Environment 7.
2016-11-08 17:30:01.280+0000 INFO  [org.neo4j]: --- INITIALIZED diagnostics START ---
2016-11-08 17:30:01.281+0000 INFO  [org.neo4j]: Neo4j Kernel properties:
    neostore.propertystore.db.strings.mapped_memory=1090M
    neostore.nodestore.db.mapped_memory=356M
    store_dir=/home/gdaniel/Documents/Research/Mogwai/fr.inria.atlanmod.mogwai.transformation.atl/materials/ClassDiagram2Relational/ClassDiagram/sample.graphdb
    neostore.propertystore.db.arrays.mapped_memory=1236M
    neostore.propertystore.db.mapped_memory=1282M
    neostore.relationshipstore.db.mapped_memory=1571M
2016-11-08 17:30:01.283+0000 INFO  [org.neo4j]: Diagnostics providers:
    org.neo4j.kernel.configuration.Config
    org.neo4j.kernel.info.DiagnosticsManager
    SYSTEM_MEMORY
    JAVA_MEMORY
    OPERATING_SYSTEM
    JAVA_VIRTUAL_MACHINE
    CLASSPATH
    LIBRARY_PATH
    SYSTEM_PROPERTIES
    LINUX_SCHEDULERS
    NETWORK
2016-11-08 17:30:01.284+0000 INFO  [org.neo4j]: System memory information:
    Total Physical memory: 15,48 GB
    Free Physical memory: 6,16 GB
    Committed virtual memory: 6,38 GB
    Total swap space: 7,82 GB
    Free swap space: 7,82 GB
2016-11-08 17:30:01.286+0000 INFO  [org.neo4j]: JVM memory information:
    Free  memory: 210,44 MB
    Total memory: 238,00 MB
    Max   memory: 3,44 GB
    Garbage Collector: PS Scavenge: [PS Eden Space, PS Survivor Space]
    Garbage Collector: PS MarkSweep: [PS Eden Space, PS Survivor Space, PS Old Gen]
    Memory Pool: Code Cache (Non-heap memory): committed=3,94 MB, used=3,89 MB, max=240,00 MB, threshold=0,00 B
    Memory Pool: Metaspace (Non-heap memory): committed=17,00 MB, used=16,77 MB, max=-1,00 B, threshold=0,00 B
    Memory Pool: Compressed Class Space (Non-heap memory): committed=2,25 MB, used=2,21 MB, max=1,00 GB, threshold=0,00 B
    Memory Pool: PS Eden Space (Heap memory): committed=62,50 MB, used=18,94 MB, max=1,27 GB, threshold=?
    Memory Pool: PS Survivor Space (Heap memory): committed=10,00 MB, used=8,55 MB, max=10,00 MB, threshold=?
    Memory Pool: PS Old Gen (Heap memory): committed=165,50 MB, used=80,02 kB, max=2,58 GB, threshold=0,00 B
2016-11-08 17:30:01.290+0000 INFO  [org.neo4j]: Operating system information:
    Operating System: Linux; version: 3.17.3-200.fc20.x86_64; arch: amd64; cpus: 4
    Max number of file descriptors: 4096
    Number of open file descriptors: 95
    Process id: 12128@localhost
    Byte order: LITTLE_ENDIAN
    Local timezone: Europe/Paris
2016-11-08 17:30:01.291+0000 INFO  [org.neo4j]: JVM information:
    VM Name: Java HotSpot(TM) 64-Bit Server VM
    VM Vendor: Oracle Corporation
    VM Version: 25.60-b23
    JIT compiler: HotSpot 64-Bit Tiered Compilers
    VM Arguments: [-Dfile.encoding=UTF-8]
2016-11-08 17:30:01.291+0000 INFO  [org.neo4j]: Java classpath:
     [classpath + loader.0] file:/home/gdaniel/Bureau/eclipse-mog/eclipse/workspace/.metadata/.plugins/org.eclipse.pde.core/.external_libraries/fr.inria.atlanmod.neoemf.graph.blueprints_0.0.1.20161021161209/blueprints-core-2.5.0.jar
     [bootstrap] /usr/java/jdk1.8.0_60/jre/lib/jfr.jar
     [classpath + loader.0] file:/home/gdaniel/Documents/Research/Mogwai/core/lib/jackson-databind-2.1.2.jar
     [classpath + loader.0] file:/home/gdaniel/Bureau/eclipse-mog/eclipse/workspace/.metadata/.plugins/org.eclipse.pde.core/.external_libraries/fr.inria.atlanmod.neoemf.graph.blueprints_0.0.1.20161021161209/jackson-core-2.2.2.jar
     [classpath + loader.0] file:/home/gdaniel/Bureau/eclipse-mog/eclipse/plugins/org.eclipse.equinox.common_3.6.200.v20130402-1505.jar
     [bootstrap] /usr/java/jdk1.8.0_60/jre/classes
     [classpath + loader.0] file:/home/gdaniel/Documents/Research/Mogwai/core/lib/commons-digester-1.8.jar
     [classpath + loader.0] file:/home/gdaniel/Bureau/eclipse-mog/eclipse/workspace/.metadata/.plugins/org.eclipse.pde.core/.external_libraries/fr.inria.atlanmod.neoemf.graph.blueprints_0.0.1.20161021161209/jettison-1.3.3.jar
     [classpath + loader.0] file:/home/gdaniel/Bureau/eclipse-mog/eclipse/workspace/.metadata/.plugins/org.eclipse.pde.core/.external_libraries/fr.inria.atlanmod.neoemf.graph.blueprints_0.0.1.20161021161209/json-20090211.jar
     [classpath + loader.0] file:/home/gdaniel/Bureau/eclipse-mog/eclipse/workspace/org.eclipse.ocl.ecore/bin/
     [classpath + loader.0] file:/home/gdaniel/Bureau/eclipse-mog/eclipse/plugins/org.eclipse.equinox.app_1.3.200.v20130910-1609.jar
     [classpath + loader.0] file:/home/gdaniel/Bureau/eclipse-mog/eclipse/workspace/.metadata/.plugins/org.eclipse.pde.core/.external_libraries/fr.inria.atlanmod.neoemf.core_0.0.1.20161021161209/guava-19.0.jar
     [classpath + loader.0] file:/home/gdaniel/Bureau/eclipse-mog/eclipse/workspace/.metadata/.plugins/org.eclipse.pde.core/.external_libraries/fr.inria.atlanmod.neoemf.graph.blueprints_0.0.1.20161021161209/jackson-databind-2.2.2.jar
     [classpath + loader.0] file:/home/gdaniel/Documents/Research/Mogwai/core/lib/jettison-1.3.3.jar
     [loader.1] file:/usr/java/jdk1.8.0_60/jre/lib/ext/localedata.jar
     [classpath + loader.0] file:/home/gdaniel/Documents/Research/Mogwai/core/lib/blueprints-core-2.4.0.jar
     [classpath + loader.0] file:/home/gdaniel/Documents/Research/Mogwai/core/lib/commons-beanutils-1.7.0.jar
     [classpath + loader.0] file:/home/gdaniel/Documents/Research/Mogwai/core/lib/groovy-all-1.8.9.jar
     [bootstrap] /usr/java/jdk1.8.0_60/jre/lib/sunrsasign.jar
     [classpath + loader.0] file:/home/gdaniel/Documents/Research/Mogwai/core/lib/gremlin-groovy-2.4.0.jar
     [classpath + loader.0] file:/home/gdaniel/Bureau/eclipse-mog/eclipse/workspace/.metadata/.plugins/org.eclipse.pde.core/.external_libraries/fr.inria.atlanmod.neoemf.graph.blueprints_0.0.1.20161021161209/commons-lang3-3.4.jar
     [classpath + loader.0] file:/home/gdaniel/Documents/Research/Mogwai/core/lib/gremlin-java-2.4.0.jar
     [loader.1] file:/usr/java/jdk1.8.0_60/jre/lib/ext/zipfs.jar
     [classpath + loader.0] file:/home/gdaniel/Documents/Research/Mogwai/core/lib/commons-io-2.4.jar
     [classpath + loader.0] file:/home/gdaniel/Bureau/eclipse-mog/eclipse/plugins/org.eclipse.emf.ecore.xmi_2.10.2.v20150123-0348.jar
     [classpath + loader.0] file:/home/gdaniel/Documents/Research/Mogwai/core/lib/colt-1.2.0.jar
     [loader.1] file:/usr/java/jdk1.8.0_60/jre/lib/ext/sunjce_provider.jar
     [loader.1] file:/usr/java/jdk1.8.0_60/jre/lib/ext/jaccess.jar
     [classpath + loader.0] file:/home/gdaniel/Bureau/eclipse-mog/eclipse/plugins/org.eclipse.ocl_3.6.0.v20160523-1914.jar
     [classpath + loader.0] file:/home/gdaniel/Bureau/eclipse-mog/eclipse/plugins/org.eclipse.equinox.preferences_3.5.200.v20140224-1527.jar
     [classpath + loader.0] file:/home/gdaniel/Bureau/eclipse-mog/eclipse/plugins/org.eclipse.m2m.atl.engine.emfvm_3.5.0.v201405260755.jar
     [classpath + loader.0] file:/home/gdaniel/Bureau/eclipse-mog/eclipse/plugins/fr.inria.atlanmod.neoemf.graph.blueprints.neo4j_0.0.1.20161021161209.jar
     [loader.1] file:/usr/java/jdk1.8.0_60/jre/lib/ext/sunec.jar
     [classpath + loader.0] file:/home/gdaniel/Bureau/eclipse-mog/eclipse/workspace/.metadata/.plugins/org.eclipse.pde.core/.external_libraries/fr.inria.atlanmod.neoemf.graph.blueprints.neo4j_0.0.1.20161021161209/blueprints-neo4j-graph-2.5.0.jar
     [classpath + loader.0] file:/home/gdaniel/Bureau/eclipse-mog/eclipse/workspace/.metadata/.plugins/org.eclipse.pde.core/.external_libraries/fr.inria.atlanmod.neoemf.core_0.0.1.20161021161209/commons-lang3-3.4.jar
     [classpath + loader.0] file:/home/gdaniel/Documents/Research/Mogwai/core/lib/commons-lang-2.4.jar
     [classpath + loader.0] file:/home/gdaniel/Documents/Research/Mogwai/core/lib/jackson-datatype-json-org-2.1.2.jar
     [classpath + loader.0] file:/home/gdaniel/Documents/Research/Mogwai/core/lib/jansi-1.5.jar
     [classpath + loader.0] file:/home/gdaniel/Bureau/eclipse-mog/eclipse/workspace/.metadata/.plugins/org.eclipse.pde.core/.external_libraries/fr.inria.atlanmod.neoemf.core_0.0.1.20161021161209/log4j-api-2.6.jar
     [classpath + loader.0] file:/home/gdaniel/Bureau/eclipse-mog/eclipse/plugins/org.eclipse.core.runtime.compatibility.registry_3.5.300.v20140128-0851/runtime_registry_compatibility.jar
     [loader.1] file:/usr/java/jdk1.8.0_60/jre/lib/ext/dnsns.jar
     [classpath + loader.0] file:/home/gdaniel/Bureau/eclipse-mog/eclipse/plugins/org.eclipse.core.jobs_3.6.1.v20141014-1248.jar
     [classpath + loader.0] file:/home/gdaniel/Bureau/eclipse-mog/eclipse/plugins/org.eclipse.equinox.registry_3.5.400.v20140428-1507.jar
     [classpath + loader.0] file:/home/gdaniel/Bureau/eclipse-mog/eclipse/plugins/org.eclipse.osgi_3.10.2.v20150203-1939.jar
     [classpath + loader.0] file:/home/gdaniel/Documents/Research/Mogwai/core/lib/commons-beanutils-core-1.8.0.jar
     [classpath + loader.0] file:/home/gdaniel/Documents/Research/Mogwai/core/lib/stax-api-1.0.1.jar
     [classpath + loader.0] file:/home/gdaniel/Bureau/eclipse-mog/eclipse/workspace/.metadata/.plugins/org.eclipse.pde.core/.external_libraries/fr.inria.atlanmod.neoemf.graph.blueprints_0.0.1.20161021161209/commons-io-2.5.jar
     [classpath + loader.0] file:/home/gdaniel/Bureau/eclipse-mog/eclipse/plugins/org.eclipse.core.runtime_3.10.0.v20140318-2214.jar
     [classpath + loader.0] file:/home/gdaniel/Documents/Research/Mogwai/core/bin/
     [classpath + loader.0] file:/home/gdaniel/Bureau/eclipse-mog/eclipse/workspace/.metadata/.plugins/org.eclipse.pde.core/.external_libraries/fr.inria.atlanmod.neoemf.graph.blueprints.neo4j_0.0.1.20161021161209/neo4j-lucene-index-1.9.6.jar
     [classpath + loader.0] file:/home/gdaniel/Bureau/eclipse-mog/eclipse/plugins/org.eclipse.emf.common_2.10.1.v20150123-0348.jar
     [classpath + loader.0] file:/home/gdaniel/Bureau/eclipse-mog/eclipse/workspace/.metadata/.plugins/org.eclipse.pde.core/.external_libraries/fr.inria.atlanmod.neoemf.graph.blueprints_0.0.1.20161021161209/commons-logging-1.1.1.jar
     [classpath + loader.0] file:/home/gdaniel/Bureau/eclipse-mog/eclipse/workspace/.metadata/.plugins/org.eclipse.pde.core/.external_libraries/fr.inria.atlanmod.neoemf.graph.blueprints_0.0.1.20161021161209/commons-lang-2.6.jar
     [classpath + loader.0] file:/home/gdaniel/Bureau/eclipse-mog/eclipse/plugins/org.eclipse.m2m.atl.core.emf_3.5.0.v201405260755.jar
     [classpath + loader.0] file:/home/gdaniel/Bureau/eclipse-mog/eclipse/plugins/javax.inject_1.0.0.v20091030.jar
     [classpath + loader.0] file:/home/gdaniel/Documents/Research/Mogwai/core/lib/ivy-2.3.0.jar
     [classpath + loader.0] file:/home/gdaniel/Bureau/eclipse-mog/eclipse/workspace/.metadata/.plugins/org.eclipse.pde.core/.external_libraries/fr.inria.atlanmod.neoemf.graph.blueprints_0.0.1.20161021161209/colt-1.2.0.jar
     [loader.1] file:/usr/java/jdk1.8.0_60/jre/lib/ext/sunpkcs11.jar
     [classpath + loader.0] file:/home/gdaniel/Documents/Research/Mogwai/core/lib/pipes-2.4.0.jar
     [classpath + loader.0] file:/home/gdaniel/Documents/Research/Mogwai/gremlin/bin/
     [classpath + loader.0] file:/home/gdaniel/Documents/Research/Mogwai/core/lib/concurrent-1.3.4.jar
     [classpath + loader.0] file:/home/gdaniel/Documents/Research/Mogwai/core/lib/commons-collections-3.2.1.jar
     [classpath + loader.0] file:/home/gdaniel/Documents/Research/Mogwai/core/lib/jline-0.9.94.jar
     [classpath + loader.0] file:/home/gdaniel/Bureau/eclipse-mog/eclipse/plugins/org.eclipse.osgi.compatibility.state_1.0.1.v20140709-1414.jar
     [classpath + loader.0] file:/home/gdaniel/Bureau/eclipse-mog/eclipse/plugins/org.eclipse.m2m.atl.common_3.5.0.v201405260755.jar
     [classpath + loader.0] file:/home/gdaniel/Bureau/eclipse-mog/eclipse/workspace/.metadata/.plugins/org.eclipse.pde.core/.external_libraries/fr.inria.atlanmod.neoemf.graph.blueprints.neo4j_0.0.1.20161021161209/neo4j-kernel-1.9.6.jar
     [loader.1] file:/usr/java/jdk1.8.0_60/jre/lib/ext/nashorn.jar
     [classpath + loader.0] file:/home/gdaniel/Bureau/eclipse-mog/eclipse/workspace/.metadata/.plugins/org.eclipse.pde.core/.external_libraries/fr.inria.atlanmod.neoemf.graph.blueprints_0.0.1.20161021161209/guava-19.0.jar
     [classpath + loader.0] file:/home/gdaniel/Bureau/eclipse-mog/eclipse/workspace/.metadata/.plugins/org.eclipse.pde.core/.external_libraries/fr.inria.atlanmod.neoemf.core_0.0.1.20161021161209/commons-io-2.5.jar
     [classpath + loader.0] file:/home/gdaniel/Bureau/eclipse-mog/eclipse/workspace/.metadata/.plugins/org.eclipse.pde.core/.external_libraries/fr.inria.atlanmod.neoemf.graph.blueprints_0.0.1.20161021161209/jackson-datatype-json-org-2.2.3.jar
     [classpath + loader.0] file:/home/gdaniel/Bureau/eclipse-mog/eclipse/plugins/org.eclipse.core.resources_3.9.1.v20140825-1431.jar
     [classpath + loader.0] file:/home/gdaniel/Bureau/eclipse-mog/eclipse/workspace/.metadata/.plugins/org.eclipse.pde.core/.external_libraries/fr.inria.atlanmod.neoemf.graph.blueprints.neo4j_0.0.1.20161021161209/lucene-core-3.6.2.jar
     [classpath + loader.0] file:/home/gdaniel/Documents/Research/Mogwai/transformation/bin/
     [classpath + loader.0] file:/home/gdaniel/Documents/Research/Mogwai/core/lib/jackson-core-2.1.2.jar
     [bootstrap] /usr/java/jdk1.8.0_60/jre/lib/rt.jar
     [loader.1] file:/usr/java/jdk1.8.0_60/jre/lib/ext/jfxrt.jar
     [classpath + loader.0] file:/home/gdaniel/Bureau/eclipse-mog/eclipse/plugins/org.eclipse.m2m.atl.core_3.5.0.v201405260755.jar
     [classpath + loader.0] file:/home/gdaniel/Bureau/eclipse-mog/eclipse/plugins/javax.annotation_1.2.0.v201401042248.jar
     [classpath + loader.0] file:/home/gdaniel/Documents/Research/Mogwai/core/lib/ant-launcher-1.8.3.jar
     [loader.1] file:/usr/java/jdk1.8.0_60/jre/lib/ext/cldrdata.jar
     [classpath + loader.0] file:/home/gdaniel/Bureau/eclipse-mog/eclipse/workspace/org.eclipse.emf.ecore/bin/
     [classpath + loader.0] file:/home/gdaniel/Documents/Research/Mogwai/core/lib/commons-logging-1.0.4.jar
     [classpath + loader.0] file:/home/gdaniel/Bureau/eclipse-mog/eclipse/workspace/.metadata/.plugins/org.eclipse.pde.core/.external_libraries/fr.inria.atlanmod.neoemf.core_0.0.1.20161021161209/cglib-nodep-3.2.2.jar
     [classpath + loader.0] file:/home/gdaniel/Documents/Research/Mogwai/core/lib/jackson-annotations-2.1.1.jar
     [bootstrap] /usr/java/jdk1.8.0_60/jre/lib/jsse.jar
     [classpath + loader.0] file:/home/gdaniel/Bureau/eclipse-mog/eclipse/plugins/org.eclipse.ocl.common_1.4.0.v20160521-2033.jar
     [classpath + loader.0] file:/home/gdaniel/Documents/Research/Mogwai/core/lib/json-20090211.jar
     [bootstrap] /usr/java/jdk1.8.0_60/jre/lib/resources.jar
     [classpath + loader.0] file:/home/gdaniel/Bureau/eclipse-mog/eclipse/workspace/.metadata/.plugins/org.eclipse.pde.core/.external_libraries/fr.inria.atlanmod.neoemf.core_0.0.1.20161021161209/log4j-core-2.6.jar
     [classpath + loader.0] file:/home/gdaniel/Bureau/eclipse-mog/eclipse/workspace/.metadata/.plugins/org.eclipse.pde.core/.external_libraries/fr.inria.atlanmod.neoemf.graph.blueprints_0.0.1.20161021161209/jackson-annotations-2.2.2.jar
     [classpath + loader.0] file:/home/gdaniel/Bureau/eclipse-mog/eclipse/workspace/.metadata/.plugins/org.eclipse.pde.core/.external_libraries/fr.inria.atlanmod.neoemf.core_0.0.1.20161021161209/commons-logging-1.2.jar
     [classpath + loader.0] file:/home/gdaniel/Bureau/eclipse-mog/eclipse/plugins/org.eclipse.core.contenttype_3.4.200.v20140207-1251.jar
     [classpath + loader.0] file:/home/gdaniel/Documents/Research/Mogwai/core/lib/ant-1.8.3.jar
     [bootstrap] /usr/java/jdk1.8.0_60/jre/lib/charsets.jar
     [classpath + loader.0] file:/home/gdaniel/Bureau/eclipse-mog/eclipse/workspace/.metadata/.plugins/org.eclipse.pde.core/.external_libraries/fr.inria.atlanmod.neoemf.graph.blueprints_0.0.1.20161021161209/stax-api-1.0.1.jar
     [classpath + loader.0] file:/home/gdaniel/Bureau/eclipse-mog/eclipse/workspace/.metadata/.plugins/org.eclipse.pde.core/.external_libraries/fr.inria.atlanmod.neoemf.core_0.0.1.20161021161209/log4j-jcl-2.6.jar
     [classpath + loader.0] file:/home/gdaniel/Bureau/eclipse-mog/eclipse/plugins/fr.inria.atlanmod.neoemf.graph.blueprints_0.0.1.20161021161209.jar
     [classpath + loader.0] file:/home/gdaniel/Bureau/eclipse-mog/eclipse/workspace/.metadata/.plugins/org.eclipse.pde.core/.external_libraries/fr.inria.atlanmod.neoemf.graph.blueprints_0.0.1.20161021161209/concurrent-1.3.4.jar
     [classpath + loader.0] file:/home/gdaniel/Bureau/eclipse-mog/eclipse/workspace/ClassDiagram/bin/
     [classpath + loader.0] file:/home/gdaniel/Bureau/eclipse-mog/eclipse/plugins/fr.inria.atlanmod.neoemf.core_0.0.1.20161021161209.jar
     [bootstrap] /usr/java/jdk1.8.0_60/jre/lib/jce.jar
     [classpath + loader.0] file:/home/gdaniel/Documents/Research/Mogwai/fr.inria.atlanmod.mogwai.transformation.atl/bin/
     [classpath + loader.0] file:/home/gdaniel/Documents/Research/Mogwai/core/lib/commons-configuration-1.6.jar
     [classpath + loader.0] file:/home/gdaniel/Bureau/eclipse-mog/eclipse/workspace/.metadata/.plugins/org.eclipse.pde.core/.external_libraries/fr.inria.atlanmod.neoemf.graph.blueprints_0.0.1.20161021161209/commons-configuration-1.10.jar
     [classpath + loader.0] file:/home/gdaniel/Bureau/eclipse-mog/eclipse/plugins/lpg.runtime.java_2.0.17.v201004271640.jar
2016-11-08 17:30:01.295+0000 INFO  [org.neo4j]: Library path:
    /usr/java/packages/lib/amd64
    /usr/lib64
    /usr/lib64
    /usr/lib
    /usr/lib
2016-11-08 17:30:01.296+0000 INFO  [org.neo4j]: System.properties:
    sun.boot.library.path = /usr/java/jdk1.8.0_60/jre/lib/amd64
    path.separator = :
    file.encoding.pkg = sun.io
    user.country = FR
    sun.java.launcher = SUN_STANDARD
    sun.os.patch.level = unknown
    user.dir = /home/gdaniel/Documents/Research/Mogwai/fr.inria.atlanmod.mogwai.transformation.atl
    sun.jnu.encoding = UTF-8
    sun.management.compiler = HotSpot 64-Bit Tiered Compilers
    user.home = /home/gdaniel
    user.timezone = Europe/Paris
    file.encoding = UTF-8
    user.name = gdaniel
    sun.java.command = fr.inria.atlanmod.mogwai.transformation.atl.tests.StoreInputModel
    sun.arch.data.model = 64
    user.language = fr
    awt.toolkit = sun.awt.X11.XToolkit
    file.separator = /
    sun.io.unicode.encoding = UnicodeLittle
    sun.cpu.endian = little
    sun.desktop = gnome
    sun.cpu.isalist = 
2016-11-08 17:30:01.296+0000 INFO  [org.neo4j]: Linux scheduler information:
    noop deadline [cfq] 
2016-11-08 17:30:01.297+0000 INFO  [org.neo4j]: Network information:
    Interface wlo1:
        address: 192.168.6.73
    Interface lo:
        address: 127.0.0.1
2016-11-08 17:30:01.299+0000 INFO  [org.neo4j]: --- INITIALIZED diagnostics END ---
2016-11-08 17:30:01.307+0000 INFO  [org.neo4j]: Creating new db @ /home/gdaniel/Documents/Research/Mogwai/fr.inria.atlanmod.mogwai.transformation.atl/materials/ClassDiagram2Relational/ClassDiagram/sample.graphdb/neostore
2016-11-08 17:30:01.325+0000 INFO  [org.neo4j]: [/home/gdaniel/Documents/Research/Mogwai/fr.inria.atlanmod.mogwai.transformation.atl/materials/ClassDiagram2Relational/ClassDiagram/sample.graphdb/neostore.nodestore.db] brickCount=0 brickSize=3732930b mappedMem=373293056b (storeSize=0b)
2016-11-08 17:30:01.329+0000 INFO  [org.neo4j]: /home/gdaniel/Documents/Research/Mogwai/fr.inria.atlanmod.mogwai.transformation.atl/materials/ClassDiagram2Relational/ClassDiagram/sample.graphdb/neostore.nodestore.db hit=1 miss=0 switches=0 ooe=0
2016-11-08 17:30:01.367+0000 INFO  [org.neo4j]: [/home/gdaniel/Documents/Research/Mogwai/fr.inria.atlanmod.mogwai.transformation.atl/materials/ClassDiagram2Relational/ClassDiagram/sample.graphdb/neostore.relationshiptypestore.db.names] brickCount=0 brickSize=0b mappedMem=0b (storeSize=38b)
2016-11-08 17:30:01.369+0000 INFO  [org.neo4j]: [/home/gdaniel/Documents/Research/Mogwai/fr.inria.atlanmod.mogwai.transformation.atl/materials/ClassDiagram2Relational/ClassDiagram/sample.graphdb/neostore.relationshiptypestore.db] brickCount=0 brickSize=0b mappedMem=0b (storeSize=0b)
2016-11-08 17:30:01.370+0000 INFO  [org.neo4j]: /home/gdaniel/Documents/Research/Mogwai/fr.inria.atlanmod.mogwai.transformation.atl/materials/ClassDiagram2Relational/ClassDiagram/sample.graphdb/neostore.relationshiptypestore.db.names hit=0 miss=0 switches=0 ooe=0
2016-11-08 17:30:01.373+0000 INFO  [org.neo4j]: /home/gdaniel/Documents/Research/Mogwai/fr.inria.atlanmod.mogwai.transformation.atl/materials/ClassDiagram2Relational/ClassDiagram/sample.graphdb/neostore.relationshiptypestore.db hit=0 miss=0 switches=0 ooe=0
2016-11-08 17:30:01.377+0000 INFO  [org.neo4j]: [/home/gdaniel/Documents/Research/Mogwai/fr.inria.atlanmod.mogwai.transformation.atl/materials/ClassDiagram2Relational/ClassDiagram/sample.graphdb/neostore.relationshiptypestore.db.names] brickCount=0 brickSize=0b mappedMem=0b (storeSize=38b)
2016-11-08 17:30:01.377+0000 INFO  [org.neo4j]: [/home/gdaniel/Documents/Research/Mogwai/fr.inria.atlanmod.mogwai.transformation.atl/materials/ClassDiagram2Relational/ClassDiagram/sample.graphdb/neostore.relationshiptypestore.db] brickCount=0 brickSize=0b mappedMem=0b (storeSize=0b)
2016-11-08 17:30:01.377+0000 INFO  [org.neo4j]: [/home/gdaniel/Documents/Research/Mogwai/fr.inria.atlanmod.mogwai.transformation.atl/materials/ClassDiagram2Relational/ClassDiagram/sample.graphdb/neostore.propertystore.db.strings] brickCount=0 brickSize=1142912b mappedMem=1142947840b (storeSize=128b)
2016-11-08 17:30:01.377+0000 INFO  [org.neo4j]: [/home/gdaniel/Documents/Research/Mogwai/fr.inria.atlanmod.mogwai.transformation.atl/materials/ClassDiagram2Relational/ClassDiagram/sample.graphdb/neostore.propertystore.db.index.keys] brickCount=0 brickSize=0b mappedMem=0b (storeSize=38b)
2016-11-08 17:30:01.378+0000 INFO  [org.neo4j]: [/home/gdaniel/Documents/Research/Mogwai/fr.inria.atlanmod.mogwai.transformation.atl/materials/ClassDiagram2Relational/ClassDiagram/sample.graphdb/neostore.propertystore.db.index] brickCount=0 brickSize=0b mappedMem=0b (storeSize=0b)
2016-11-08 17:30:01.379+0000 INFO  [org.neo4j]: [/home/gdaniel/Documents/Research/Mogwai/fr.inria.atlanmod.mogwai.transformation.atl/materials/ClassDiagram2Relational/ClassDiagram/sample.graphdb/neostore.propertystore.db.arrays] brickCount=0 brickSize=1296000b mappedMem=1296039936b (storeSize=128b)
2016-11-08 17:30:01.380+0000 INFO  [org.neo4j]: [/home/gdaniel/Documents/Research/Mogwai/fr.inria.atlanmod.mogwai.transformation.atl/materials/ClassDiagram2Relational/ClassDiagram/sample.graphdb/neostore.propertystore.db] brickCount=0 brickSize=13442711b mappedMem=1344274432b (storeSize=0b)
2016-11-08 17:30:01.381+0000 INFO  [org.neo4j]: [/home/gdaniel/Documents/Research/Mogwai/fr.inria.atlanmod.mogwai.transformation.atl/materials/ClassDiagram2Relational/ClassDiagram/sample.graphdb/neostore.relationshipstore.db] brickCount=0 brickSize=16473105b mappedMem=1647312896b (storeSize=0b)
2016-11-08 17:30:01.382+0000 INFO  [org.neo4j]: [/home/gdaniel/Documents/Research/Mogwai/fr.inria.atlanmod.mogwai.transformation.atl/materials/ClassDiagram2Relational/ClassDiagram/sample.graphdb/neostore.nodestore.db] brickCount=0 brickSize=373293b mappedMem=373293056b (storeSize=9b)
2016-11-08 17:30:01.382+0000 INFO  [org.neo4j]: [/home/gdaniel/Documents/Research/Mogwai/fr.inria.atlanmod.mogwai.transformation.atl/materials/ClassDiagram2Relational/ClassDiagram/sample.graphdb/neostore] brickCount=0 brickSize=0b mappedMem=0b (storeSize=0b)
2016-11-08 17:30:01.386+0000 INFO  [org.neo4j]: /home/gdaniel/Documents/Research/Mogwai/fr.inria.atlanmod.mogwai.transformation.atl/materials/ClassDiagram2Relational/ClassDiagram/sample.graphdb/neostore.relationshiptypestore.db.names hit=0 miss=0 switches=0 ooe=0
2016-11-08 17:30:01.389+0000 INFO  [org.neo4j]: /home/gdaniel/Documents/Research/Mogwai/fr.inria.atlanmod.mogwai.transformation.atl/materials/ClassDiagram2Relational/ClassDiagram/sample.graphdb/neostore.relationshiptypestore.db hit=0 miss=0 switches=0 ooe=0
2016-11-08 17:30:01.392+0000 INFO  [org.neo4j]: /home/gdaniel/Documents/Research/Mogwai/fr.inria.atlanmod.mogwai.transformation.atl/materials/ClassDiagram2Relational/ClassDiagram/sample.graphdb/neostore.propertystore.db.strings hit=0 miss=0 switches=0 ooe=0
2016-11-08 17:30:01.395+0000 INFO  [org.neo4j]: /home/gdaniel/Documents/Research/Mogwai/fr.inria.atlanmod.mogwai.transformation.atl/materials/ClassDiagram2Relational/ClassDiagram/sample.graphdb/neostore.propertystore.db.index.keys hit=0 miss=0 switches=0 ooe=0
2016-11-08 17:30:01.398+0000 INFO  [org.neo4j]: /home/gdaniel/Documents/Research/Mogwai/fr.inria.atlanmod.mogwai.transformation.atl/materials/ClassDiagram2Relational/ClassDiagram/sample.graphdb/neostore.propertystore.db.index hit=0 miss=0 switches=0 ooe=0
2016-11-08 17:30:01.401+0000 INFO  [org.neo4j]: /home/gdaniel/Documents/Research/Mogwai/fr.inria.atlanmod.mogwai.transformation.atl/materials/ClassDiagram2Relational/ClassDiagram/sample.graphdb/neostore.propertystore.db.arrays hit=0 miss=0 switches=0 ooe=0
2016-11-08 17:30:01.404+0000 INFO  [org.neo4j]: /home/gdaniel/Documents/Research/Mogwai/fr.inria.atlanmod.mogwai.transformation.atl/materials/ClassDiagram2Relational/ClassDiagram/sample.graphdb/neostore.propertystore.db hit=0 miss=0 switches=0 ooe=0
2016-11-08 17:30:01.407+0000 INFO  [org.neo4j]: /home/gdaniel/Documents/Research/Mogwai/fr.inria.atlanmod.mogwai.transformation.atl/materials/ClassDiagram2Relational/ClassDiagram/sample.graphdb/neostore.relationshipstore.db hit=0 miss=0 switches=0 ooe=0
2016-11-08 17:30:01.410+0000 INFO  [org.neo4j]: /home/gdaniel/Documents/Research/Mogwai/fr.inria.atlanmod.mogwai.transformation.atl/materials/ClassDiagram2Relational/ClassDiagram/sample.graphdb/neostore.nodestore.db hit=0 miss=0 switches=0 ooe=0
2016-11-08 17:30:01.414+0000 INFO  [org.neo4j]: /home/gdaniel/Documents/Research/Mogwai/fr.inria.atlanmod.mogwai.transformation.atl/materials/ClassDiagram2Relational/ClassDiagram/sample.graphdb/neostore hit=0 miss=8 switches=0 ooe=0
2016-11-08 17:30:01.419+0000 INFO  [org.neo4j]: [/home/gdaniel/Documents/Research/Mogwai/fr.inria.atlanmod.mogwai.transformation.atl/materials/ClassDiagram2Relational/ClassDiagram/sample.graphdb/neostore.relationshiptypestore.db.names] brickCount=0 brickSize=0b mappedMem=0b (storeSize=38b)
2016-11-08 17:30:01.419+0000 INFO  [org.neo4j]: [/home/gdaniel/Documents/Research/Mogwai/fr.inria.atlanmod.mogwai.transformation.atl/materials/ClassDiagram2Relational/ClassDiagram/sample.graphdb/neostore.relationshiptypestore.db] brickCount=0 brickSize=0b mappedMem=0b (storeSize=0b)
2016-11-08 17:30:01.419+0000 INFO  [org.neo4j]: [/home/gdaniel/Documents/Research/Mogwai/fr.inria.atlanmod.mogwai.transformation.atl/materials/ClassDiagram2Relational/ClassDiagram/sample.graphdb/neostore.propertystore.db.strings] brickCount=0 brickSize=1142912b mappedMem=1142947840b (storeSize=128b)
2016-11-08 17:30:01.420+0000 INFO  [org.neo4j]: [/home/gdaniel/Documents/Research/Mogwai/fr.inria.atlanmod.mogwai.transformation.atl/materials/ClassDiagram2Relational/ClassDiagram/sample.graphdb/neostore.propertystore.db.index.keys] brickCount=0 brickSize=0b mappedMem=0b (storeSize=38b)
2016-11-08 17:30:01.420+0000 INFO  [org.neo4j]: [/home/gdaniel/Documents/Research/Mogwai/fr.inria.atlanmod.mogwai.transformation.atl/materials/ClassDiagram2Relational/ClassDiagram/sample.graphdb/neostore.propertystore.db.index] brickCount=0 brickSize=0b mappedMem=0b (storeSize=0b)
2016-11-08 17:30:01.420+0000 INFO  [org.neo4j]: [/home/gdaniel/Documents/Research/Mogwai/fr.inria.atlanmod.mogwai.transformation.atl/materials/ClassDiagram2Relational/ClassDiagram/sample.graphdb/neostore.propertystore.db.arrays] brickCount=0 brickSize=1296000b mappedMem=1296039936b (storeSize=128b)
2016-11-08 17:30:01.420+0000 INFO  [org.neo4j]: [/home/gdaniel/Documents/Research/Mogwai/fr.inria.atlanmod.mogwai.transformation.atl/materials/ClassDiagram2Relational/ClassDiagram/sample.graphdb/neostore.propertystore.db] brickCount=0 brickSize=13442711b mappedMem=1344274432b (storeSize=0b)
2016-11-08 17:30:01.420+0000 INFO  [org.neo4j]: [/home/gdaniel/Documents/Research/Mogwai/fr.inria.atlanmod.mogwai.transformation.atl/materials/ClassDiagram2Relational/ClassDiagram/sample.graphdb/neostore.relationshipstore.db] brickCount=0 brickSize=16473105b mappedMem=1647312896b (storeSize=0b)
2016-11-08 17:30:01.421+0000 INFO  [org.neo4j]: [/home/gdaniel/Documents/Research/Mogwai/fr.inria.atlanmod.mogwai.transformation.atl/materials/ClassDiagram2Relational/ClassDiagram/sample.graphdb/neostore.nodestore.db] brickCount=0 brickSize=373293b mappedMem=373293056b (storeSize=9b)
2016-11-08 17:30:01.421+0000 INFO  [org.neo4j]: [/home/gdaniel/Documents/Research/Mogwai/fr.inria.atlanmod.mogwai.transformation.atl/materials/ClassDiagram2Relational/ClassDiagram/sample.graphdb/neostore] brickCount=0 brickSize=0b mappedMem=0b (storeSize=54b)
2016-11-08 17:30:01.433+0000 INFO  [org.neo4j]: Opened logical log [/home/gdaniel/Documents/Research/Mogwai/fr.inria.atlanmod.mogwai.transformation.atl/materials/ClassDiagram2Relational/ClassDiagram/sample.graphdb/nioneo_logical.log.1] version=0, lastTxId=1 (clean)
2016-11-08 17:30:01.438+0000 INFO  [org.neo4j]: TM new log: tm_tx_log.1
2016-11-08 17:30:01.454+0000 INFO  [org.neo4j]: Opened logical log [/home/gdaniel/Documents/Research/Mogwai/fr.inria.atlanmod.mogwai.transformation.atl/materials/ClassDiagram2Relational/ClassDiagram/sample.graphdb/index/lucene.log.1] version=0, lastTxId=1 (clean)
2016-11-08 17:30:01.458+0000 INFO  [org.neo4j]: --- STARTED diagnostics for KernelDiagnostics:Versions START ---
2016-11-08 17:30:01.458+0000 INFO  [org.neo4j]: Graph Database: org.neo4j.kernel.EmbeddedGraphDatabase StoreId[time:1478626201308, id:5858189426374814819, store version: 13561656364791302]
2016-11-08 17:30:01.460+0000 INFO  [org.neo4j]: Kernel version: neo4j-kernel 1.9.6
2016-11-08 17:30:01.460+0000 INFO  [org.neo4j]: Neo4j component versions:
2016-11-08 17:30:01.460+0000 INFO  [org.neo4j]:   neo4j-kernel 1.9.6
2016-11-08 17:30:01.460+0000 INFO  [org.neo4j]: --- STARTED diagnostics for KernelDiagnostics:Versions END ---
2016-11-08 17:30:01.461+0000 INFO  [org.neo4j]: --- STARTED diagnostics for NEO_STORE_VERSIONS START ---
2016-11-08 17:30:01.462+0000 INFO  [org.neo4j]: Store versions:
    Store versions:
      NeoStore v0.A.0
      NodeStore v0.A.0
      RelationshipStore v0.A.0
      RelationshipTypeStore v0.A.0
      PropertyStore v0.A.0
      PropertyIndexStore v0.A.0
      StringPropertyStore v0.A.0
      ArrayPropertyStore v0.A.0
2016-11-08 17:30:01.462+0000 INFO  [org.neo4j]: --- STARTED diagnostics for NEO_STORE_VERSIONS END ---
2016-11-08 17:30:01.462+0000 INFO  [org.neo4j]: --- STARTED diagnostics for NEO_STORE_ID_USAGE START ---
2016-11-08 17:30:01.462+0000 INFO  [org.neo4j]: Id usage:
    Id usage:
      NodeStore: used=1 high=0
      RelationshipStore: used=0 high=-1
      RelationshipTypeStore: used=0 high=-1
      PropertyStore: used=0 high=-1
      PropertyIndexStore: used=0 high=-1
      StringPropertyStore: used=1 high=0
      ArrayPropertyStore: used=1 high=0
2016-11-08 17:30:01.463+0000 INFO  [org.neo4j]: --- STARTED diagnostics for NEO_STORE_ID_USAGE END ---
2016-11-08 17:30:01.463+0000 INFO  [org.neo4j]: --- STARTED diagnostics for PERSISTENCE_WINDOW_POOL_STATS START ---
2016-11-08 17:30:01.463+0000 INFO  [org.neo4j]: --- STARTED diagnostics for PERSISTENCE_WINDOW_POOL_STATS END ---
2016-11-08 17:30:01.463+0000 INFO  [org.neo4j]: --- STARTED diagnostics for KernelDiagnostics:StoreFiles START ---
2016-11-08 17:30:01.463+0000 INFO  [org.neo4j]: Disk space on partition (Total / Free / Free %): 200785899520 / 60787429376 / 30
Storage files: (filename : modification date - size)
      neostore.id: 2016-11-08T18:30:01+0100 - 9,00 B
      neostore.relationshipstore.db: 2016-11-08T18:30:01+0100 - 0,00 B
      neostore.propertystore.db.strings.id: 2016-11-08T18:30:01+0100 - 9,00 B
      neostore: 2016-11-08T18:30:01+0100 - 54,00 B
      lock: 2016-11-08T18:30:01+0100 - 0,00 B
      neostore.propertystore.db.index: 2016-11-08T18:30:01+0100 - 0,00 B
      nioneo_logical.log.active: 2016-11-08T18:30:01+0100 - 4,00 B
      store_lock: 2016-11-08T18:30:01+0100 - 0,00 B
      neostore.nodestore.db.id: 2016-11-08T18:30:01+0100 - 9,00 B
      neostore.relationshipstore.db.id: 2016-11-08T18:30:01+0100 - 9,00 B
      neostore.propertystore.db: 2016-11-08T18:30:01+0100 - 0,00 B
      neostore.propertystore.db.index.keys.id: 2016-11-08T18:30:01+0100 - 9,00 B
      neostore.nodestore.db: 2016-11-08T18:30:01+0100 - 9,00 B
      neostore.relationshiptypestore.db: 2016-11-08T18:30:01+0100 - 0,00 B
      neostore.propertystore.db.id: 2016-11-08T18:30:01+0100 - 9,00 B
      active_tx_log: 2016-11-08T18:30:01+0100 - 11,00 B
      neostore.propertystore.db.arrays.id: 2016-11-08T18:30:01+0100 - 9,00 B
      neostore.propertystore.db.strings: 2016-11-08T18:30:01+0100 - 128,00 B
      neostore.propertystore.db.arrays: 2016-11-08T18:30:01+0100 - 128,00 B
      nioneo_logical.log.1: 2016-11-08T18:30:01+0100 - 16,00 B
      tm_tx_log.1: 2016-11-08T18:30:01+0100 - 0,00 B
      index:
        lucene.log.active: 2016-11-08T18:30:01+0100 - 4,00 B
        lucene.log.1: 2016-11-08T18:30:01+0100 - 16,00 B
        lucene-store.db: 2016-11-08T18:30:01+0100 - 40,00 B
      - Total: 2016-11-08T18:30:01+0100 - 60,00 B
      neostore.propertystore.db.index.keys: 2016-11-08T18:30:01+0100 - 38,00 B
      messages.log: 2016-11-08T18:30:01+0100 - 30,41 kB
      neostore.relationshiptypestore.db.id: 2016-11-08T18:30:01+0100 - 9,00 B
      neostore.relationshiptypestore.db.names: 2016-11-08T18:30:01+0100 - 38,00 B
      neostore.propertystore.db.index.id: 2016-11-08T18:30:01+0100 - 9,00 B
      neostore.relationshiptypestore.db.names.id: 2016-11-08T18:30:01+0100 - 9,00 B
2016-11-08 17:30:01.469+0000 INFO  [org.neo4j]: --- STARTED diagnostics for KernelDiagnostics:StoreFiles END ---
2016-11-08 17:30:01.471+0000 INFO  [org.neo4j]: GC Monitor started. 
2016-11-08 17:30:01.473+0000 INFO  [org.neo4j]: Database is now ready
2016-11-08 17:30:03.774+0000 INFO  [org.neo4j]: Shutdown started
2016-11-08 17:30:03.775+0000 INFO  [org.neo4j]: Database is no longer ready
2016-11-08 17:30:03.775+0000 INFO  [org.neo4j]: GC Monitor stopped. 
2016-11-08 17:30:03.838+0000 INFO  [org.neo4j]: Closed log /home/gdaniel/Documents/Research/Mogwai/fr.inria.atlanmod.mogwai.transformation.atl/materials/ClassDiagram2Relational/ClassDiagram/sample.graphdb/index/lucene.log
2016-11-08 17:30:03.843+0000 INFO  [org.neo4j]: TM shutting down
2016-11-08 17:30:03.856+0000 INFO  [org.neo4j]: Closed log /home/gdaniel/Documents/Research/Mogwai/fr.inria.atlanmod.mogwai.transformation.atl/materials/ClassDiagram2Relational/ClassDiagram/sample.graphdb/nioneo_logical.log
2016-11-08 17:30:03.859+0000 INFO  [org.neo4j]: /home/gdaniel/Documents/Research/Mogwai/fr.inria.atlanmod.mogwai.transformation.atl/materials/ClassDiagram2Relational/ClassDiagram/sample.graphdb/neostore.relationshiptypestore.db.names hit=0 miss=5 switches=0 ooe=0
2016-11-08 17:30:03.862+0000 INFO  [org.neo4j]: /home/gdaniel/Documents/Research/Mogwai/fr.inria.atlanmod.mogwai.transformation.atl/materials/ClassDiagram2Relational/ClassDiagram/sample.graphdb/neostore.relationshiptypestore.db hit=0 miss=5 switches=0 ooe=0
2016-11-08 17:30:03.866+0000 INFO  [org.neo4j]: /home/gdaniel/Documents/Research/Mogwai/fr.inria.atlanmod.mogwai.transformation.atl/materials/ClassDiagram2Relational/ClassDiagram/sample.graphdb/neostore.propertystore.db.strings hit=2 miss=0 switches=0 ooe=0
2016-11-08 17:30:03.869+0000 INFO  [org.neo4j]: /home/gdaniel/Documents/Research/Mogwai/fr.inria.atlanmod.mogwai.transformation.atl/materials/ClassDiagram2Relational/ClassDiagram/sample.graphdb/neostore.propertystore.db.index.keys hit=0 miss=10 switches=0 ooe=0
2016-11-08 17:30:03.871+0000 INFO  [org.neo4j]: /home/gdaniel/Documents/Research/Mogwai/fr.inria.atlanmod.mogwai.transformation.atl/materials/ClassDiagram2Relational/ClassDiagram/sample.graphdb/neostore.propertystore.db.index hit=0 miss=10 switches=0 ooe=0
2016-11-08 17:30:03.874+0000 INFO  [org.neo4j]: /home/gdaniel/Documents/Research/Mogwai/fr.inria.atlanmod.mogwai.transformation.atl/materials/ClassDiagram2Relational/ClassDiagram/sample.graphdb/neostore.propertystore.db.arrays hit=3 miss=0 switches=0 ooe=0
2016-11-08 17:30:03.877+0000 INFO  [org.neo4j]: /home/gdaniel/Documents/Research/Mogwai/fr.inria.atlanmod.mogwai.transformation.atl/materials/ClassDiagram2Relational/ClassDiagram/sample.graphdb/neostore.propertystore.db hit=47 miss=0 switches=0 ooe=0
2016-11-08 17:30:03.880+0000 INFO  [org.neo4j]: /home/gdaniel/Documents/Research/Mogwai/fr.inria.atlanmod.mogwai.transformation.atl/materials/ClassDiagram2Relational/ClassDiagram/sample.graphdb/neostore.relationshipstore.db hit=36 miss=0 switches=0 ooe=0
2016-11-08 17:30:03.883+0000 INFO  [org.neo4j]: /home/gdaniel/Documents/Research/Mogwai/fr.inria.atlanmod.mogwai.transformation.atl/materials/ClassDiagram2Relational/ClassDiagram/sample.graphdb/neostore.nodestore.db hit=24 miss=0 switches=0 ooe=0
2016-11-08 17:30:03.887+0000 INFO  [org.neo4j]: /home/gdaniel/Documents/Research/Mogwai/fr.inria.atlanmod.mogwai.transformation.atl/materials/ClassDiagram2Relational/ClassDiagram/sample.graphdb/neostore hit=0 miss=27 switches=0 ooe=0
2016-11-08 17:30:03.890+0000 INFO  [org.neo4j]: NeoStore closed
2016-11-08 17:30:03.890+0000 INFO  [org.neo4j]: --- STOPPING diagnostics START ---
2016-11-08 17:30:03.890+0000 INFO  [org.neo4j]: --- STOPPING diagnostics END ---
